#
# A fatal error has been detected by the Java Runtime Environment:
#
#  EXCEPTION_ACCESS_VIOLATION (0xc0000005) at pc=0x00000000603a248b, pid=7392, tid=7160
#
# JRE version: Java(TM) SE Runtime Environment (7.0_51-b13) (build 1.7.0_51-b13)
# Java VM: Java HotSpot(TM) 64-Bit Server VM (24.51-b03 mixed mode windows-amd64 compressed oops)
# Problematic frame:
# V  [jvm.dll+0x14248b]
#
# Failed to write core dump. Minidumps are not enabled by default on client versions of Windows
#
# If you would like to submit a bug report, please visit:
#   http://bugreport.sun.com/bugreport/crash.jsp
#

---------------  T H R E A D  ---------------

Current thread (0x0000000009297000):  JavaThread "JDWP Transport Listener: dt_socket" daemon [_thread_in_vm, id=7160, stack(0x00000000099c0000,0x0000000009ac0000)]

siginfo: ExceptionCode=0xc0000005, reading address 0xffffffffffffffff

Registers:
RAX=0x0000000009abf701, RBX=0x0000000009297000, RCX=0x43726f6c6f432f6b, RDX=0x0000000000000000
RSP=0x0000000009abf7a0, RBP=0x43726f6c6f432f6b, RSI=0x0000000009abf8b8, RDI=0x00000000022c8b30
R8 =0x0000000009297000, R9 =0x0000000000000700, R10=0x0000000000000000, R11=0x0001c0070089027b
R12=0x0000000000000000, R13=0x0000000007e7ad98, R14=0x0000000000000000, R15=0x0000000000000000
RIP=0x00000000603a248b, EFLAGS=0x0000000000010202

Top of Stack: (sp=0x0000000009abf7a0)
0x0000000009abf7a0:   0000000009297000 0000000000000007
0x0000000009abf7b0:   0000000009abf868 0000000060541239
0x0000000009abf7c0:   0000000009297000 000000006055ede2
0x0000000009abf7d0:   0000000000000000 0000000068d28e89
0x0000000009abf7e0:   000000000929db00 0000000068d3265a
0x0000000009abf7f0:   0000000009297000 0000000000000000
0x0000000009abf800:   0000000000000000 0000000000000000
0x0000000009abf810:   43726f6c6f432f6b 0000000068d31751
0x0000000009abf820:   0000000009abf8b8 0000000009abf890
0x0000000009abf830:   0000000000000001 000000000929db00
0x0000000009abf840:   43726f6c6f432f6b 0000000068d153b3
0x0000000009abf850:   0000000009abf980 0000000000000001
0x0000000009abf860:   0000000000000001 000000000929db00
0x0000000009abf870:   0000000000000001 0000000000000000
0x0000000009abf880:   0000000000000000 0000000000000000
0x0000000009abf890:   0000000000000001 0000000068d15571 

Instructions: (pc=0x00000000603a248b)
0x00000000603a246b:   48 8b 5c 24 30 48 89 47 18 48 83 c4 20 5f c3 cc
0x00000000603a247b:   cc cc cc cc cc 40 53 48 83 ec 20 48 85 c9 74 54
0x00000000603a248b:   48 8b 19 48 85 db 74 4c 48 b8 fe fe fe fe fe fe
0x00000000603a249b:   fe fe 48 3b d8 74 3d 80 3d 8f 87 60 00 00 74 15 


Register to memory mapping:

RAX=0x0000000009abf701 is pointing into the stack for thread: 0x0000000009297000
RBX=0x0000000009297000 is a thread
RCX=0x43726f6c6f432f6b is an unknown value
RDX=0x0000000000000000 is an unknown value
RSP=0x0000000009abf7a0 is pointing into the stack for thread: 0x0000000009297000
RBP=0x43726f6c6f432f6b is an unknown value
RSI=0x0000000009abf8b8 is pointing into the stack for thread: 0x0000000009297000
RDI=0x00000000022c8b30 is an unknown value
R8 =0x0000000009297000 is a thread
R9 =0x0000000000000700 is an unknown value
R10=0x0000000000000000 is an unknown value
R11=0x0001c0070089027b is an unknown value
R12=0x0000000000000000 is an unknown value
R13=0x0000000007e7ad98 is an unknown value
R14=0x0000000000000000 is an unknown value
R15=0x0000000000000000 is an unknown value


Stack: [0x00000000099c0000,0x0000000009ac0000],  sp=0x0000000009abf7a0,  free space=1021k
Native frames: (J=compiled Java code, j=interpreted, Vv=VM code, C=native code)
V  [jvm.dll+0x14248b]


---------------  P R O C E S S  ---------------

Java Threads: ( => current thread )
  0x000000000ca52800 JavaThread "http-nio-80-exec-9" daemon [_thread_blocked, id=5908, stack(0x000000000e750000,0x000000000e850000)]
  0x000000000ca51800 JavaThread "http-nio-80-exec-8" daemon [_thread_blocked, id=7900, stack(0x000000000f660000,0x000000000f760000)]
  0x000000000ca51000 JavaThread "http-nio-80-exec-7" daemon [_thread_blocked, id=7736, stack(0x000000000f560000,0x000000000f660000)]
  0x000000000ca50000 JavaThread "http-nio-80-exec-6" daemon [_thread_blocked, id=7500, stack(0x000000000f380000,0x000000000f480000)]
  0x000000000ca4f800 JavaThread "http-nio-80-exec-5" daemon [_thread_blocked, id=7712, stack(0x000000000f220000,0x000000000f320000)]
  0x000000000ca4e800 JavaThread "http-nio-80-exec-4" daemon [_thread_blocked, id=3892, stack(0x000000000e860000,0x000000000e960000)]
  0x000000000ca4c000 JavaThread "http-nio-80-exec-3" daemon [_thread_blocked, id=5640, stack(0x000000000d4f0000,0x000000000d5f0000)]
  0x000000000ca4e000 JavaThread "http-nio-80-exec-2" daemon [_thread_blocked, id=7344, stack(0x000000000c000000,0x000000000c100000)]
  0x000000000ca4d000 JavaThread "http-nio-80-exec-1" daemon [_thread_blocked, id=7268, stack(0x000000000a370000,0x000000000a470000)]
  0x000000000ca4b800 JavaThread "DestroyJavaVM" [_thread_blocked, id=5928, stack(0x00000000026a0000,0x00000000027a0000)]
  0x000000000b121800 JavaThread "http-nio-80-Acceptor-0" daemon [_thread_in_native, id=6660, stack(0x000000000ef40000,0x000000000f040000)]
  0x000000000bd64800 JavaThread "http-nio-80-ClientPoller-1" daemon [_thread_in_native, id=6488, stack(0x000000000f070000,0x000000000f170000)]
  0x000000000b729800 JavaThread "http-nio-80-ClientPoller-0" daemon [_thread_in_native, id=7332, stack(0x000000000ede0000,0x000000000eee0000)]
  0x000000000b58e000 JavaThread "NioBlockingSelector.BlockPoller-1" daemon [_thread_in_native, id=6608, stack(0x000000000ec40000,0x000000000ed40000)]
  0x000000000cb5a800 JavaThread "pool-1-thread-1" [_thread_blocked, id=7092, stack(0x0000000008e00000,0x0000000008f00000)]
  0x000000000c1e3000 JavaThread "commons-pool-EvictionTimer" daemon [_thread_blocked, id=5464, stack(0x000000000ea20000,0x000000000eb20000)]
  0x000000000bb79000 JavaThread "Timer-0" daemon [_thread_blocked, id=7544, stack(0x000000000d3a0000,0x000000000d4a0000)]
  0x000000000c7f2800 JavaThread "container-0" [_thread_blocked, id=7416, stack(0x000000000a120000,0x000000000a220000)]
  0x000000000b196000 JavaThread "ContainerBackgroundProcessor[StandardEngine[Tomcat].StandardHost[localhost].StandardContext[]]" daemon [_thread_blocked, id=2432, stack(0x000000000d1c0000,0x000000000d2c0000)]
  0x00000000092c3800 JavaThread "Service Thread" daemon [_thread_blocked, id=7456, stack(0x000000000a4c0000,0x000000000a5c0000)]
  0x00000000092b6000 JavaThread "C2 CompilerThread1" daemon [_thread_blocked, id=7484, stack(0x0000000009da0000,0x0000000009ea0000)]
  0x00000000092c1800 JavaThread "C2 CompilerThread0" daemon [_thread_blocked, id=7476, stack(0x000000000a220000,0x000000000a320000)]
  0x00000000092a6800 JavaThread "JDWP Command Reader" daemon [_thread_in_native, id=7288, stack(0x000000000a000000,0x000000000a100000)]
  0x00000000092a5800 JavaThread "JDWP Event Helper Thread" daemon [_thread_blocked, id=7688, stack(0x0000000009bb0000,0x0000000009cb0000)]
=>0x0000000009297000 JavaThread "JDWP Transport Listener: dt_socket" daemon [_thread_in_vm, id=7160, stack(0x00000000099c0000,0x0000000009ac0000)]
  0x0000000009290800 JavaThread "Attach Listener" daemon [_thread_blocked, id=3872, stack(0x0000000009750000,0x0000000009850000)]
  0x0000000007e79800 JavaThread "Signal Dispatcher" daemon [_thread_blocked, id=7872, stack(0x0000000009010000,0x0000000009110000)]
  0x0000000007e0c000 JavaThread "Finalizer" daemon [_thread_blocked, id=3152, stack(0x0000000009190000,0x0000000009290000)]
  0x0000000007e01000 JavaThread "Reference Handler" daemon [_thread_blocked, id=6804, stack(0x0000000008f00000,0x0000000009000000)]

Other Threads:
  0x0000000007dfe000 VMThread [stack: 0x0000000008d00000,0x0000000008e00000] [id=6168]
  0x00000000092c5800 WatcherThread [stack: 0x000000000a6a0000,0x000000000a7a0000] [id=7756]

VM state:not at safepoint (normal execution)

VM Mutex/Monitor currently owned by a thread: None

Heap
 PSYoungGen      total 142848K, used 78186K [0x00000000f0000000, 0x00000000f9600000, 0x0000000100000000)
  eden space 132096K, 51% used [0x00000000f0000000,0x00000000f41df748,0x00000000f8100000)
  from space 10752K, 99% used [0x00000000f8b80000,0x00000000f95fb2e0,0x00000000f9600000)
  to   space 10752K, 0% used [0x00000000f8100000,0x00000000f8100000,0x00000000f8b80000)
 ParOldGen       total 175104K, used 4865K [0x00000000d0000000, 0x00000000dab00000, 0x00000000f0000000)
  object space 175104K, 2% used [0x00000000d0000000,0x00000000d04c04f0,0x00000000dab00000)
 PSPermGen       total 32256K, used 32112K [0x00000000cae00000, 0x00000000ccd80000, 0x00000000d0000000)
  object space 32256K, 99% used [0x00000000cae00000,0x00000000ccd5c138,0x00000000ccd80000)

Card table byte_map: [0x00000000057a0000,0x0000000005950000] byte_map_base: 0x0000000005149000

Polling page: 0x00000000005b0000

Code Cache  [0x00000000027a0000, 0x0000000002a30000, 0x00000000057a0000)
 total_blobs=1068 nmethods=698 adapters=329 free_code_cache=46597Kb largest_free_block=47654464

Compilation events (10 events):
Event: 6.578 Thread 0x00000000092c1800  723             org.springframework.util.StringUtils::tokenizeToStringArray (83 bytes)
Event: 6.588 Thread 0x00000000092c1800 nmethod 723 0x0000000002937f50 code [0x0000000002938160, 0x0000000002938e60]
Event: 12.722 Thread 0x00000000092b6000  724   !         sun.misc.Resource::getBytes (242 bytes)
Event: 12.729 Thread 0x00000000092c1800  725             java.util.HashMap::putAllForCreate (51 bytes)
Event: 12.735 Thread 0x00000000092c1800 nmethod 725 0x0000000002931a90 code [0x0000000002931c60, 0x0000000002932398]
Event: 12.738 Thread 0x00000000092b6000 nmethod 724 0x0000000002923610 code [0x0000000002923880, 0x0000000002925258]
Event: 12.744 Thread 0x00000000092c1800  726             java.util.TreeMap::put (247 bytes)
Event: 12.747 Thread 0x00000000092b6000  727             java.util.TreeMap::setColor (10 bytes)
Event: 12.747 Thread 0x00000000092b6000 nmethod 727 0x0000000002931890 code [0x00000000029319c0, 0x0000000002931a18]
Event: 12.756 Thread 0x00000000092c1800 nmethod 726 0x000000000293a350 code [0x000000000293a560, 0x000000000293b360]

GC Heap History (8 events):
Event: 0.857 GC heap before
{Heap before GC invocations=1 (full 0):
 PSYoungGen      total 76800K, used 66048K [0x00000000f0000000, 0x00000000f5580000, 0x0000000100000000)
  eden space 66048K, 100% used [0x00000000f0000000,0x00000000f4080000,0x00000000f4080000)
  from space 10752K, 0% used [0x00000000f4b00000,0x00000000f4b00000,0x00000000f5580000)
  to   space 10752K, 0% used [0x00000000f4080000,0x00000000f4080000,0x00000000f4b00000)
 ParOldGen       total 175104K, used 0K [0x00000000d0000000, 0x00000000dab00000, 0x00000000f0000000)
  object space 175104K, 0% used [0x00000000d0000000,0x00000000d0000000,0x00000000dab00000)
 PSPermGen       total 21504K, used 9936K [0x00000000cae00000, 0x00000000cc300000, 0x00000000d0000000)
  object space 21504K, 46% used [0x00000000cae00000,0x00000000cb7b4188,0x00000000cc300000)
Event: 0.866 GC heap after
Heap after GC invocations=1 (full 0):
 PSYoungGen      total 76800K, used 7569K [0x00000000f0000000, 0x00000000f5580000, 0x0000000100000000)
  eden space 66048K, 0% used [0x00000000f0000000,0x00000000f0000000,0x00000000f4080000)
  from space 10752K, 70% used [0x00000000f4080000,0x00000000f47e45b8,0x00000000f4b00000)
  to   space 10752K, 0% used [0x00000000f4b00000,0x00000000f4b00000,0x00000000f5580000)
 ParOldGen       total 175104K, used 8K [0x00000000d0000000, 0x00000000dab00000, 0x00000000f0000000)
  object space 175104K, 0% used [0x00000000d0000000,0x00000000d0002000,0x00000000dab00000)
 PSPermGen       total 21504K, used 9936K [0x00000000cae00000, 0x00000000cc300000, 0x00000000d0000000)
  object space 21504K, 46% used [0x00000000cae00000,0x00000000cb7b4188,0x00000000cc300000)
}
Event: 1.440 GC heap before
{Heap before GC invocations=2 (full 0):
 PSYoungGen      total 76800K, used 73617K [0x00000000f0000000, 0x00000000f5580000, 0x0000000100000000)
  eden space 66048K, 100% used [0x00000000f0000000,0x00000000f4080000,0x00000000f4080000)
  from space 10752K, 70% used [0x00000000f4080000,0x00000000f47e45b8,0x00000000f4b00000)
  to   space 10752K, 0% used [0x00000000f4b00000,0x00000000f4b00000,0x00000000f5580000)
 ParOldGen       total 175104K, used 8K [0x00000000d0000000, 0x00000000dab00000, 0x00000000f0000000)
  object space 175104K, 0% used [0x00000000d0000000,0x00000000d0002000,0x00000000dab00000)
 PSPermGen       total 21504K, used 14709K [0x00000000cae00000, 0x00000000cc300000, 0x00000000d0000000)
  object space 21504K, 68% used [0x00000000cae00000,0x00000000cbc5d490,0x00000000cc300000)
Event: 1.454 GC heap after
Heap after GC invocations=2 (full 0):
 PSYoungGen      total 76800K, used 7714K [0x00000000f0000000, 0x00000000f9600000, 0x0000000100000000)
  eden space 66048K, 0% used [0x00000000f0000000,0x00000000f0000000,0x00000000f4080000)
  from space 10752K, 71% used [0x00000000f4b00000,0x00000000f5288be0,0x00000000f5580000)
  to   space 10752K, 0% used [0x00000000f4080000,0x00000000f4080000,0x00000000f4b00000)
 ParOldGen       total 175104K, used 16K [0x00000000d0000000, 0x00000000dab00000, 0x00000000f0000000)
  object space 175104K, 0% used [0x00000000d0000000,0x00000000d0004000,0x00000000dab00000)
 PSPermGen       total 21504K, used 14709K [0x00000000cae00000, 0x00000000cc300000, 0x00000000d0000000)
  object space 21504K, 68% used [0x00000000cae00000,0x00000000cbc5d490,0x00000000cc300000)
}
Event: 2.148 GC heap before
{Heap before GC invocations=3 (full 0):
 PSYoungGen      total 76800K, used 73762K [0x00000000f0000000, 0x00000000f9600000, 0x0000000100000000)
  eden space 66048K, 100% used [0x00000000f0000000,0x00000000f4080000,0x00000000f4080000)
  from space 10752K, 71% used [0x00000000f4b00000,0x00000000f5288be0,0x00000000f5580000)
  to   space 10752K, 0% used [0x00000000f4080000,0x00000000f4080000,0x00000000f4b00000)
 ParOldGen       total 175104K, used 16K [0x00000000d0000000, 0x00000000dab00000, 0x00000000f0000000)
  object space 175104K, 0% used [0x00000000d0000000,0x00000000d0004000,0x00000000dab00000)
 PSPermGen       total 21504K, used 20625K [0x00000000cae00000, 0x00000000cc300000, 0x00000000d0000000)
  object space 21504K, 95% used [0x00000000cae00000,0x00000000cc224538,0x00000000cc300000)
Event: 2.158 GC heap after
Heap after GC invocations=3 (full 0):
 PSYoungGen      total 76800K, used 9626K [0x00000000f0000000, 0x00000000f9600000, 0x0000000100000000)
  eden space 66048K, 0% used [0x00000000f0000000,0x00000000f0000000,0x00000000f4080000)
  from space 10752K, 89% used [0x00000000f4080000,0x00000000f49e6868,0x00000000f4b00000)
  to   space 10752K, 0% used [0x00000000f8b80000,0x00000000f8b80000,0x00000000f9600000)
 ParOldGen       total 175104K, used 88K [0x00000000d0000000, 0x00000000dab00000, 0x00000000f0000000)
  object space 175104K, 0% used [0x00000000d0000000,0x00000000d0016010,0x00000000dab00000)
 PSPermGen       total 21504K, used 20625K [0x00000000cae00000, 0x00000000cc300000, 0x00000000d0000000)
  object space 21504K, 95% used [0x00000000cae00000,0x00000000cc224538,0x00000000cc300000)
}
Event: 2.674 GC heap before
{Heap before GC invocations=4 (full 0):
 PSYoungGen      total 76800K, used 75674K [0x00000000f0000000, 0x00000000f9600000, 0x0000000100000000)
  eden space 66048K, 100% used [0x00000000f0000000,0x00000000f4080000,0x00000000f4080000)
  from space 10752K, 89% used [0x00000000f4080000,0x00000000f49e6868,0x00000000f4b00000)
  to   space 10752K, 0% used [0x00000000f8b80000,0x00000000f8b80000,0x00000000f9600000)
 ParOldGen       total 175104K, used 88K [0x00000000d0000000, 0x00000000dab00000, 0x00000000f0000000)
  object space 175104K, 0% used [0x00000000d0000000,0x00000000d0016010,0x00000000dab00000)
 PSPermGen       total 25600K, used 25524K [0x00000000cae00000, 0x00000000cc700000, 0x00000000d0000000)
  object space 25600K, 99% used [0x00000000cae00000,0x00000000cc6ed190,0x00000000cc700000)
Event: 2.687 GC heap after
Heap after GC invocations=4 (full 0):
 PSYoungGen      total 142848K, used 10732K [0x00000000f0000000, 0x00000000f9600000, 0x0000000100000000)
  eden space 132096K, 0% used [0x00000000f0000000,0x00000000f0000000,0x00000000f8100000)
  from space 10752K, 99% used [0x00000000f8b80000,0x00000000f95fb2e0,0x00000000f9600000)
  to   space 10752K, 0% used [0x00000000f8100000,0x00000000f8100000,0x00000000f8b80000)
 ParOldGen       total 175104K, used 4865K [0x00000000d0000000, 0x00000000dab00000, 0x00000000f0000000)
  object space 175104K, 2% used [0x00000000d0000000,0x00000000d04c04f0,0x00000000dab00000)
 PSPermGen       total 25600K, used 25524K [0x00000000cae00000, 0x00000000cc700000, 0x00000000d0000000)
  object space 25600K, 99% used [0x00000000cae00000,0x00000000cc6ed190,0x00000000cc700000)
}

Deoptimization events (10 events):
Event: 6.578 Thread 0x000000000cb5a800 Uncommon trap: reason=class_check action=maybe_recompile pc=0x00000000028fd434 method=java.io.FilterInputStream.read()I @ 4
Event: 12.435 Thread 0x000000000be35800 Uncommon trap: reason=unreached action=reinterpret pc=0x000000000290c9a0 method=java.util.concurrent.locks.AbstractQueuedSynchronizer.release(I)Z @ 14
Event: 12.435 Thread 0x000000000c656000 Uncommon trap: reason=unreached action=reinterpret pc=0x000000000290c9a0 method=java.util.concurrent.locks.AbstractQueuedSynchronizer.release(I)Z @ 14
Event: 12.755 Thread 0x000000000ca4d000 Uncommon trap: reason=null_check action=make_not_entrant pc=0x00000000029f7504 method=org.springframework.beans.factory.support.DefaultListableBeanFactory.getBeanDefinition(Ljava/lang/String;)Lorg/springframework/beans/factory/config/BeanDefinition; @ 10
Event: 12.757 Thread 0x000000000ca4d000 Uncommon trap: reason=null_check action=make_not_entrant pc=0x00000000028393f4 method=org.springframework.beans.factory.support.DefaultListableBeanFactory.getBeanDefinition(Ljava/lang/String;)Lorg/springframework/beans/factory/config/BeanDefinition; @ 10
Event: 12.777 Thread 0x000000000ca4d000 Uncommon trap: reason=null_check action=make_not_entrant pc=0x000000000287c790 method=org.springframework.util.AntPathMatcher.tokenizePattern(Ljava/lang/String;)[Ljava/lang/String; @ 28
Event: 32.434 Thread 0x000000000b196000 Uncommon trap: reason=bimorphic action=maybe_recompile pc=0x00000000029aa0fc method=java.util.AbstractCollection.addAll(Ljava/util/Collection;)Z @ 29
Event: 62.434 Thread 0x000000000b196000 Uncommon trap: reason=bimorphic action=maybe_recompile pc=0x00000000029aa0fc method=java.util.AbstractCollection.addAll(Ljava/util/Collection;)Z @ 29
Event: 92.434 Thread 0x000000000b196000 Uncommon trap: reason=bimorphic action=maybe_recompile pc=0x00000000029aa0fc method=java.util.AbstractCollection.addAll(Ljava/util/Collection;)Z @ 29
Event: 122.435 Thread 0x000000000b196000 Uncommon trap: reason=bimorphic action=maybe_recompile pc=0x00000000029aa0fc method=java.util.AbstractCollection.addAll(Ljava/util/Collection;)Z @ 29

Internal exceptions (10 events):
Event: 76.198 Thread 0x000000000ca4e800 Threw 0x00000000f3d0ee00 at C:\re\jdk7u51\527\hotspot\src\share\vm\prims\jvm.cpp:1244
Event: 76.198 Thread 0x000000000ca4e800 Threw 0x00000000f3d162c0 at C:\re\jdk7u51\527\hotspot\src\share\vm\prims\jvm.cpp:1244
Event: 76.199 Thread 0x000000000ca4e800 Threw 0x00000000f3d1f770 at C:\re\jdk7u51\527\hotspot\src\share\vm\prims\jvm.cpp:1244
Event: 76.199 Thread 0x000000000ca4e800 Threw 0x00000000f3d25e58 at C:\re\jdk7u51\527\hotspot\src\share\vm\prims\jvm.cpp:1244
Event: 76.199 Thread 0x000000000ca4e800 Threw 0x00000000f3d2bf00 at C:\re\jdk7u51\527\hotspot\src\share\vm\prims\jvm.cpp:1244
Event: 76.199 Thread 0x000000000ca4e800 Threw 0x00000000f3d325e8 at C:\re\jdk7u51\527\hotspot\src\share\vm\prims\jvm.cpp:1244
Event: 76.200 Thread 0x000000000ca4e800 Threw 0x00000000f3d38640 at C:\re\jdk7u51\527\hotspot\src\share\vm\prims\jvm.cpp:1244
Event: 76.200 Thread 0x000000000ca4e800 Threw 0x00000000f3d3f418 at C:\re\jdk7u51\527\hotspot\src\share\vm\prims\jvm.cpp:1244
Event: 76.202 Thread 0x000000000ca4f800 Threw 0x00000000f3d92c78 at C:\re\jdk7u51\527\hotspot\src\share\vm\prims\jni.cpp:717
Event: 674.543 Thread 0x000000000ca52800 Threw 0x00000000f41037d8 at C:\re\jdk7u51\527\hotspot\src\share\vm\prims\jni.cpp:717

Events (10 events):
Event: 664.520 Executing VM operation: GetOrSetLocal done
Event: 674.542 Thread 0x000000000ca52800 Thread added: 0x000000000ca52800
Event: 674.542 Executing VM operation: GetObjectMonitorUsage
Event: 674.543 Executing VM operation: GetObjectMonitorUsage done
Event: 674.543 Executing VM operation: RevokeBias
Event: 674.543 Executing VM operation: RevokeBias done
Event: 674.543 Executing VM operation: GetObjectMonitorUsage
Event: 674.543 Executing VM operation: GetObjectMonitorUsage done
Event: 908.777 Executing VM operation: RedefineClasses
Event: 908.781 Executing VM operation: RedefineClasses done


Dynamic libraries:
0x000000013ffd0000 - 0x0000000140003000 	D:\Java\jdk1.7.0_51\bin\javaw.exe
0x0000000077af0000 - 0x0000000077c99000 	C:\Windows\SYSTEM32\ntdll.dll
0x00000000778d0000 - 0x00000000779f0000 	C:\Windows\system32\kernel32.dll
0x000007fefd8d0000 - 0x000007fefd93c000 	C:\Windows\system32\KERNELBASE.dll
0x000007fefe010000 - 0x000007fefe0eb000 	C:\Windows\system32\ADVAPI32.dll
0x000007feff420000 - 0x000007feff4bf000 	C:\Windows\system32\msvcrt.dll
0x000007fefdf20000 - 0x000007fefdf3f000 	C:\Windows\SYSTEM32\sechost.dll
0x000007feffc30000 - 0x000007feffd5d000 	C:\Windows\system32\RPCRT4.dll
0x00000000779f0000 - 0x0000000077aea000 	C:\Windows\system32\USER32.dll
0x000007fefe610000 - 0x000007fefe677000 	C:\Windows\system32\GDI32.dll
0x000007feff4c0000 - 0x000007feff4ce000 	C:\Windows\system32\LPK.dll
0x000007fefdf40000 - 0x000007fefe009000 	C:\Windows\system32\USP10.dll
0x000007fefc490000 - 0x000007fefc684000 	C:\Windows\WinSxS\amd64_microsoft.windows.common-controls_6595b64144ccf1df_6.0.7601.18837_none_fa3b1e3d17594757\COMCTL32.dll
0x000007fefe1e0000 - 0x000007fefe251000 	C:\Windows\system32\SHLWAPI.dll
0x000007fefe4d0000 - 0x000007fefe4fe000 	C:\Windows\system32\IMM32.DLL
0x000007fefe500000 - 0x000007fefe609000 	C:\Windows\system32\MSCTF.dll
0x0000000067600000 - 0x00000000676d2000 	D:\Java\jdk1.7.0_51\jre\bin\msvcr100.dll
0x0000000060260000 - 0x0000000060a29000 	D:\Java\jdk1.7.0_51\jre\bin\server\jvm.dll
0x000007fee6320000 - 0x000007fee6329000 	C:\Windows\system32\WSOCK32.dll
0x000007fefe0f0000 - 0x000007fefe13d000 	C:\Windows\system32\WS2_32.dll
0x000007feff410000 - 0x000007feff418000 	C:\Windows\system32\NSI.dll
0x000007fefb780000 - 0x000007fefb7bb000 	C:\Windows\system32\WINMM.dll
0x0000000077cc0000 - 0x0000000077cc7000 	C:\Windows\system32\PSAPI.DLL
0x0000000071e10000 - 0x0000000071e1f000 	D:\Java\jdk1.7.0_51\jre\bin\verify.dll
0x0000000071de0000 - 0x0000000071e08000 	D:\Java\jdk1.7.0_51\jre\bin\java.dll
0x0000000068d10000 - 0x0000000068d45000 	D:\Java\jdk1.7.0_51\jre\bin\jdwp.dll
0x000000006a750000 - 0x000000006a758000 	D:\Java\jdk1.7.0_51\jre\bin\npt.dll
0x0000000069ab0000 - 0x0000000069ac5000 	D:\Java\jdk1.7.0_51\jre\bin\zip.dll
0x0000000069a50000 - 0x0000000069a59000 	D:\Java\jdk1.7.0_51\jre\bin\dt_socket.dll
0x000007fefb8f0000 - 0x000007fefb905000 	C:\Windows\system32\NLAapi.dll
0x000007fef5980000 - 0x000007fef5995000 	C:\Windows\system32\napinsp.dll
0x000007fef5960000 - 0x000007fef5979000 	C:\Windows\system32\pnrpnsp.dll
0x000007fefd030000 - 0x000007fefd085000 	C:\Windows\System32\mswsock.dll
0x000007fefceb0000 - 0x000007fefcf0b000 	C:\Windows\system32\DNSAPI.dll
0x000007fef5950000 - 0x000007fef595b000 	C:\Windows\System32\winrnr.dll
0x000007fefb7c0000 - 0x000007fefb7e7000 	C:\Windows\system32\IPHLPAPI.DLL
0x000007fefb750000 - 0x000007fefb75b000 	C:\Windows\system32\WINNSI.DLL
0x000007fefac80000 - 0x000007fefacd3000 	C:\Windows\System32\fwpuclnt.dll
0x000007fef5860000 - 0x000007fef5868000 	C:\Windows\system32\rasadhlp.dll
0x000007fefca50000 - 0x000007fefca57000 	C:\Windows\System32\wshtcpip.dll
0x0000000068cf0000 - 0x0000000068d09000 	D:\Java\jdk1.7.0_51\jre\bin\net.dll
0x000007fefd020000 - 0x000007fefd027000 	C:\Windows\System32\wship6.dll
0x0000000068cd0000 - 0x0000000068ce1000 	D:\Java\jdk1.7.0_51\jre\bin\nio.dll
0x00000000698e0000 - 0x00000000698eb000 	D:\Java\jdk1.7.0_51\jre\bin\management.dll
0x000007fefd090000 - 0x000007fefd0a8000 	C:\Windows\system32\CRYPTSP.dll
0x000007fefcd90000 - 0x000007fefcdd7000 	C:\Windows\system32\rsaenh.dll
0x000007fefda00000 - 0x000007fefda1e000 	C:\Windows\system32\USERENV.dll
0x000007fefd8a0000 - 0x000007fefd8af000 	C:\Windows\system32\profapi.dll
0x000007fefd6f0000 - 0x000007fefd6ff000 	C:\Windows\system32\CRYPTBASE.dll
0x00000000688a0000 - 0x00000000688c4000 	D:\Java\jdk1.7.0_51\jre\bin\sunec.dll
0x0000000069550000 - 0x000000006955b000 	D:\Java\jdk1.7.0_51\jre\bin\sunmscapi.dll
0x000007fefdad0000 - 0x000007fefdc3d000 	C:\Windows\system32\CRYPT32.dll
0x000007fefd890000 - 0x000007fefd89f000 	C:\Windows\system32\MSASN1.dll
0x000007fef5aa0000 - 0x000007fef5bc5000 	C:\Windows\system32\dbghelp.dll

VM Arguments:
jvm_args: -agentlib:jdwp=transport=dt_socket,suspend=y,address=localhost:4606 -Xms256m -Xmx768m -Dfile.encoding=UTF-8 
java_command: cc.wechat.Application
Launcher Type: SUN_STANDARD

Environment Variables:
JAVA_HOME=D:\Java\jdk1.8.0_60
CLASSPATH=.;D:\Java\jdk1.8.0_60\lib\dt.jar;D:\Java\jdk1.8.0_60\lib\tools.jar
PATH=D:\Java\jdk1.7.0_51\jre\bin;D:/Java/jdk1.8.0_60/bin/../jre/bin/server;D:/Java/jdk1.8.0_60/bin/../jre/bin;D:/Java/jdk1.8.0_60/bin/../jre/lib/amd64;C:\Program Files (x86)\Common Files\NetSarang;C:\Windows\system32;C:\Windows;C:\Windows\System32\Wbem;C:\Windows\System32\WindowsPowerShell\v1.0\;D:\Java\jdk1.8.0_60\bin;D:\Java\jdk1.8.0_60\jre\bin;D:\kits\apache-maven-3.2.5\bin;D:\Program Files\TortoiseSVN\bin;D:\Program Files (x86)\Microsoft SQL Server\100\Tools\Binn\;D:\Program Files\Microsoft SQL Server\100\Tools\Binn\;D:\Program Files\Microsoft SQL Server\100\DTS\Binn\;D:\Program Files (x86)\Microsoft SQL Server\100\Tools\Binn\VSShell\Common7\IDE\;D:\Program Files (x86)\Microsoft SQL Server\100\DTS\Binn\;C:\Program Files (x86)\Microsoft Visual Studio 9.0\Common7\IDE\PrivateAssemblies\;D:\Program Files (x86)\Brackets\command;D:\Program Files\nodejs\;D:\kits\Android\sdk\tools;D:\kits\Android\sdk\platform-tools;d:\Program Files\Git\cmd;D:\kits\gradle-2.7\bin;D:\php56;D:\php56\ext;C:\Users\Administrator\AppData\Roaming\npm;d:\Program Files\Bandizip\7z;D:\kits\eclipse;
USERNAME=Administrator
OS=Windows_NT
PROCESSOR_IDENTIFIER=Intel64 Family 6 Model 60 Stepping 3, GenuineIntel



---------------  S Y S T E M  ---------------

OS: Windows 7 , 64 bit Build 7601 Service Pack 1

CPU:total 4 (4 cores per cpu, 1 threads per core) family 6 model 60 stepping 3, cmov, cx8, fxsr, mmx, sse, sse2, sse3, ssse3, sse4.1, sse4.2, popcnt, avx, avx2, aes, erms, tsc, tscinvbit

Memory: 4k page, physical 8305112k(2821984k free), swap 16608388k(9207476k free)

vm_info: Java HotSpot(TM) 64-Bit Server VM (24.51-b03) for windows-amd64 JRE (1.7.0_51-b13), built on Dec 18 2013 18:40:56 by "java_re" with unknown MS VC++:1600

time: Tue Nov 24 10:43:20 2015
elapsed time: 908 seconds

